<?xml version="1.0" encoding="UTF-8"?>
<mirakl_orders>
  <orders>
    <acceptance_decision_date></acceptance_decision_date>
    <commercial_id>143152</commercial_id>
    <created_date>2014-11-17T10:00:39Z</created_date>
    <customer>
      <billing_address></billing_address>
      <civility>Mme</civility>
      <customer_id>999-999</customer_id>
      <firstname>CustomerFirstName</firstname>
      <lastname>CustomerLastName</lastname>
      <shipping_address></shipping_address>
    </customer>
    <has_customer_message>false</has_customer_message>
    <has_incident>false</has_incident>
    <has_invoice>false</has_invoice>
    <last_updated_date>2014-11-17T10:00:39Z</last_updated_date>
    <order_id>143152-A</order_id>
    <order_lines>
      <can_refund>false</can_refund>
      <category_code>ACCESS</category_code>
      <category_label>Accessories</category_label>
      <commission_fee>33.08</commission_fee>
      <commission_rate_vat>20</commission_rate_vat>
      <commission_vat>6.62</commission_vat>
      <created_date>2014-11-17T10:00:39Z</created_date>
      <debited_date></debited_date>
      <description></description>
      <last_updated_date>2014-11-17T10:00:39Z</last_updated_date>
      <offer_id>1202</offer_id>
      <offer_sku>TShirt-1</offer_sku>
      <offer_state_code>11</offer_state_code>
      <order_line_additional_fields/>
      <order_line_id>143152-A-1</order_line_id>
      <order_line_index>1</order_line_index>
      <order_line_state>WAITING_ACCEPTANCE</order_line_state>
      <order_line_state_reason_code></order_line_state_reason_code>
      <order_line_state_reason_label></order_line_state_reason_label>
      <price>158.4</price>
      <price_additional_info></price_additional_info>
      <price_unit>79.2</price_unit>
      <product_sku>PRODUCT_SKU_80</product_sku>
      <product_title>Faded Short Sleeve T-shirts</product_title>
      <quantity>2</quantity>
      <received_date></received_date>
      <shipped_date></shipped_date>
      <shipping_price>7</shipping_price>
      <shipping_price_additional_unit></shipping_price_additional_unit>
      <shipping_price_unit></shipping_price_unit>
      <total_commission>39.7</total_commission>
      <total_price>165.4</total_price>
    </order_lines>
    <order_lines>
      <can_refund>false</can_refund>
      <category_code>ACCESS</category_code>
      <category_label>Accessories</category_label>
      <commission_fee>27.8</commission_fee>
      <commission_rate_vat>20</commission_rate_vat>
      <commission_vat>5.56</commission_vat>
      <created_date>2014-11-17T10:00:39Z</created_date>
      <debited_date></debited_date>
      <description></description>
      <last_updated_date>2014-11-17T10:00:39Z</last_updated_date>
      <offer_id>1201</offer_id>
      <offer_sku>TShirt-2</offer_sku>
      <offer_state_code>11</offer_state_code>
      <order_line_additional_fields/>
      <order_line_id>143152-A-2</order_line_id>
      <order_line_index>2</order_line_index>
      <order_line_state>WAITING_ACCEPTANCE</order_line_state>
      <order_line_state_reason_code></order_line_state_reason_code>
      <order_line_state_reason_label></order_line_state_reason_label>
      <price>132</price>
      <price_additional_info></price_additional_info>
      <price_unit>66</price_unit>
      <product_sku>PRODUCT_SKU_81</product_sku>
      <product_title>Faded Short Sleeve T-shirts</product_title>
      <quantity>2</quantity>
      <received_date></received_date>
      <shipped_date></shipped_date>
      <shipping_price>7</shipping_price>
      <shipping_price_additional_unit></shipping_price_additional_unit>
      <shipping_price_unit></shipping_price_unit>
      <total_commission>33.36</total_commission>
      <total_price>139</total_price>
    </order_lines>
    <order_state>WAITING_ACCEPTANCE</order_state>
    <order_state_reason_code></order_state_reason_code>
    <order_state_reason_label></order_state_reason_label>
    <paymentType>CB</paymentType>
    <payment_type>CB</payment_type>
    <price>290.4</price>
    <shipping_company></shipping_company>
    <shipping_price>14</shipping_price>
    <shipping_tracking></shipping_tracking>
    <shipping_tracking_url></shipping_tracking_url>
    <shipping_type_code>STD</shipping_type_code>
    <shipping_type_label>Standard</shipping_type_label>
    <shipping_zone_code>FR - FR</shipping_zone_code>
    <shipping_zone_label>Site France - Livré France</shipping_zone_label>
    <total_commission>73.06</total_commission>
    <total_price>304.4</total_price>
  </orders>
  <orders>
    <acceptance_decision_date></acceptance_decision_date>
    <commercial_id>143153</commercial_id>
    <created_date>2014-11-17T10:01:10Z</created_date>
    <customer>
      <billing_address></billing_address>
      <civility>Mme</civility>
      <customer_id>999-999</customer_id>
      <firstname>CustomerFirstName</firstname>
      <lastname>CustomerLastName</lastname>
      <shipping_address></shipping_address>
    </customer>
    <has_customer_message>false</has_customer_message>
    <has_incident>false</has_incident>
    <has_invoice>false</has_invoice>
    <last_updated_date>2014-11-17T10:01:10Z</last_updated_date>
    <order_id>143153-A</order_id>
    <order_lines>
      <can_refund>false</can_refund>
      <category_code>ACCESS</category_code>
      <category_label>Accessories</category_label>
      <commission_fee>33.08</commission_fee>
      <commission_rate_vat>20</commission_rate_vat>
      <commission_vat>6.62</commission_vat>
      <created_date>2014-11-17T10:01:10Z</created_date>
      <debited_date></debited_date>
      <description></description>
      <last_updated_date>2014-11-17T10:01:10Z</last_updated_date>
      <offer_id>1202</offer_id>
      <offer_sku>TShirt-1</offer_sku>
      <offer_state_code>11</offer_state_code>
      <order_line_additional_fields/>
      <order_line_id>143153-A-1</order_line_id>
      <order_line_index>1</order_line_index>
      <order_line_state>WAITING_ACCEPTANCE</order_line_state>
      <order_line_state_reason_code></order_line_state_reason_code>
      <order_line_state_reason_label></order_line_state_reason_label>
      <price>158.4</price>
      <price_additional_info></price_additional_info>
      <price_unit>79.2</price_unit>
      <product_sku>PRODUCT_SKU_80</product_sku>
      <product_title>Faded Short Sleeve T-shirts</product_title>
      <quantity>2</quantity>
      <received_date></received_date>
      <shipped_date></shipped_date>
      <shipping_price>7</shipping_price>
      <shipping_price_additional_unit></shipping_price_additional_unit>
      <shipping_price_unit></shipping_price_unit>
      <total_commission>39.7</total_commission>
      <total_price>165.4</total_price>
    </order_lines>
    <order_lines>
      <can_refund>false</can_refund>
      <category_code>ACCESS</category_code>
      <category_label>Accessories</category_label>
      <commission_fee>27.8</commission_fee>
      <commission_rate_vat>20</commission_rate_vat>
      <commission_vat>5.56</commission_vat>
      <created_date>2014-11-17T10:01:10Z</created_date>
      <debited_date></debited_date>
      <description></description>
      <last_updated_date>2014-11-17T10:01:10Z</last_updated_date>
      <offer_id>1201</offer_id>
      <offer_sku>TShirt-2</offer_sku>
      <offer_state_code>11</offer_state_code>
      <order_line_additional_fields/>
      <order_line_id>143153-A-2</order_line_id>
      <order_line_index>2</order_line_index>
      <order_line_state>WAITING_ACCEPTANCE</order_line_state>
      <order_line_state_reason_code></order_line_state_reason_code>
      <order_line_state_reason_label></order_line_state_reason_label>
      <price>132</price>
      <price_additional_info></price_additional_info>
      <price_unit>66</price_unit>
      <product_sku>PRODUCT_SKU_81</product_sku>
      <product_title>Faded Short Sleeve T-shirts</product_title>
      <quantity>2</quantity>
      <received_date></received_date>
      <shipped_date></shipped_date>
      <shipping_price>7</shipping_price>
      <shipping_price_additional_unit></shipping_price_additional_unit>
      <shipping_price_unit></shipping_price_unit>
      <total_commission>33.36</total_commission>
      <total_price>139</total_price>
    </order_lines>
    <order_state>WAITING_ACCEPTANCE</order_state>
    <order_state_reason_code></order_state_reason_code>
    <order_state_reason_label></order_state_reason_label>
    <paymentType>CB</paymentType>
    <payment_type>CB</payment_type>
    <price>290.4</price>
    <shipping_company></shipping_company>
    <shipping_price>14</shipping_price>
    <shipping_tracking></shipping_tracking>
    <shipping_tracking_url></shipping_tracking_url>
    <shipping_type_code>STD</shipping_type_code>
    <shipping_type_label>Standard</shipping_type_label>
    <shipping_zone_code>FR - FR</shipping_zone_code>
    <shipping_zone_label>Site France - Livré France</shipping_zone_label>
    <total_commission>73.06</total_commission>
    <total_price>304.4</total_price>
  </orders>
  <orders>
    <acceptance_decision_date></acceptance_decision_date>
    <commercial_id>143154</commercial_id>
    <created_date>2014-11-17T10:01:42Z</created_date>
    <customer>
      <billing_address></billing_address>
      <civility>Mme</civility>
      <customer_id>999-999</customer_id>
      <firstname>CustomerFirstName</firstname>
      <lastname>CustomerLastName</lastname>
      <shipping_address></shipping_address>
    </customer>
    <has_customer_message>false</has_customer_message>
    <has_incident>false</has_incident>
    <has_invoice>false</has_invoice>
    <last_updated_date>2014-11-17T10:01:42Z</last_updated_date>
    <order_id>143154-A</order_id>
    <order_lines>
      <can_refund>false</can_refund>
      <category_code>ACCESS</category_code>
      <category_label>Accessories</category_label>
      <commission_fee>33.08</commission_fee>
      <commission_rate_vat>20</commission_rate_vat>
      <commission_vat>6.62</commission_vat>
      <created_date>2014-11-17T10:01:42Z</created_date>
      <debited_date></debited_date>
      <description></description>
      <last_updated_date>2014-11-17T10:01:42Z</last_updated_date>
      <offer_id>1202</offer_id>
      <offer_sku>TShirt-1</offer_sku>
      <offer_state_code>11</offer_state_code>
      <order_line_additional_fields/>
      <order_line_id>143154-A-1</order_line_id>
      <order_line_index>1</order_line_index>
      <order_line_state>WAITING_ACCEPTANCE</order_line_state>
      <order_line_state_reason_code></order_line_state_reason_code>
      <order_line_state_reason_label></order_line_state_reason_label>
      <price>158.4</price>
      <price_additional_info></price_additional_info>
      <price_unit>79.2</price_unit>
      <product_sku>PRODUCT_SKU_80</product_sku>
      <product_title>Faded Short Sleeve T-shirts</product_title>
      <quantity>2</quantity>
      <received_date></received_date>
      <shipped_date></shipped_date>
      <shipping_price>7</shipping_price>
      <shipping_price_additional_unit></shipping_price_additional_unit>
      <shipping_price_unit></shipping_price_unit>
      <total_commission>39.7</total_commission>
      <total_price>165.4</total_price>
    </order_lines>
    <order_state>WAITING_ACCEPTANCE</order_state>
    <order_state_reason_code></order_state_reason_code>
    <order_state_reason_label></order_state_reason_label>
    <paymentType>CB</paymentType>
    <payment_type>CB</payment_type>
    <price>158.4</price>
    <shipping_company></shipping_company>
    <shipping_price>7</shipping_price>
    <shipping_tracking></shipping_tracking>
    <shipping_tracking_url></shipping_tracking_url>
    <shipping_type_code>STD</shipping_type_code>
    <shipping_type_label>Standard</shipping_type_label>
    <shipping_zone_code>FR - FR</shipping_zone_code>
    <shipping_zone_label>Site France - Livré France</shipping_zone_label>
    <total_commission>39.7</total_commission>
    <total_price>165.4</total_price>
  </orders>
  <total_count>3</total_count>
</mirakl_orders>
